[0m[[0minfo[0m] [0m[32mRetailOutletSpec:[0m[0m
[0m[[0minfo[0m] [0m[32mA Purchase Request Handler Actor [0m[0m
[0m[[0minfo[0m] [0m[31m- must Validate The User Request  *** FAILED ***[0m[0m
[0m[[0minfo[0m] [0m[31m  java.lang.IllegalArgumentException: no matching constructor found on class ValidationActor for arguments [class akka.actor.RepointableActorRef][0m[0m
[0m[[0minfo[0m] [0m[31m  at akka.util.Reflect$.error$1(Reflect.scala:81)[0m[0m
[0m[[0minfo[0m] [0m[31m  at akka.util.Reflect$.findConstructor(Reflect.scala:105)[0m[0m
[0m[[0minfo[0m] [0m[31m  at akka.actor.ArgsReflectConstructor.<init>(IndirectActorProducer.scala:94)[0m[0m
[0m[[0minfo[0m] [0m[31m  at akka.actor.IndirectActorProducer$.apply(IndirectActorProducer.scala:61)[0m[0m
[0m[[0minfo[0m] [0m[31m  at akka.actor.Props.producer(Props.scala:131)[0m[0m
[0m[[0minfo[0m] [0m[31m  at akka.actor.Props.<init>(Props.scala:144)[0m[0m
[0m[[0minfo[0m] [0m[31m  at akka.actor.Props$.apply(Props.scala:86)[0m[0m
[0m[[0minfo[0m] [0m[31m  at RetailOutletSpec.$anonfun$new$2(RetailOutletSpec.scala:21)[0m[0m
[0m[[0minfo[0m] [0m[31m  at org.scalatest.OutcomeOf.outcomeOf(OutcomeOf.scala:85)[0m[0m
[0m[[0minfo[0m] [0m[31m  at org.scalatest.OutcomeOf.outcomeOf$(OutcomeOf.scala:83)[0m[0m
[0m[[0minfo[0m] [0m[31m  ...[0m[0m
